============================= test session starts =============================
platform win32 -- Python 3.13.3, pytest-9.0.2, pluggy-1.6.0 -- C:\Aegis---Incident-Intelligence-main\backend\venv\Scripts\python.exe
cachedir: .pytest_cache
rootdir: C:\Aegis---Incident-Intelligence-main\backend
configfile: pyproject.toml
plugins: anyio-4.13.0, asyncio-1.3.0
asyncio: mode=Mode.AUTO, debug=False, asyncio_default_fixture_loop_scope=None, asyncio_default_test_loop_scope=function
collecting ... collected 8 items

tests/test_health.py::test_health_returns_200 PASSED                     [ 12%]
tests/test_health.py::test_health_response_envelope PASSED               [ 25%]
tests/test_health.py::test_health_components_present PASSED              [ 37%]
tests/test_health.py::test_request_id_header PASSED                      [ 50%]
tests/test_health.py::test_custom_request_id_passthrough PASSED          [ 62%]
tests/test_health.py::test_response_time_header PASSED                   [ 75%]
tests/test_health.py::test_404_returns_error_envelope PASSED             [ 87%]
tests/test_health.py::test_uptime_is_positive PASSED                     [100%]

============================== 8 passed in 0.11s ==============================
