============================= test session starts =============================
platform win32 -- Python 3.13.3, pytest-9.0.2, pluggy-1.6.0 -- C:\Aegis---Incident-Intelligence-main\backend\venv\Scripts\python.exe
cachedir: .pytest_cache
rootdir: C:\Aegis---Incident-Intelligence-main\backend
configfile: pyproject.toml
plugins: anyio-4.13.0, asyncio-1.3.0
asyncio: mode=Mode.AUTO, debug=False, asyncio_default_fixture_loop_scope=None, asyncio_default_test_loop_scope=function
collecting ... collected 17 items

tests/test_database.py::test_database_tables_created PASSED              [  5%]
tests/test_database.py::test_metric_schema_forbids_extra_fields PASSED   [ 11%]
tests/test_database.py::test_incident_schema_enforces_title_length PASSED [ 17%]
tests/test_database.py::test_comment_schema_enforces_text_length PASSED  [ 23%]
tests/test_database.py::test_create_and_retrieve_metric FAILED           [ 29%]
tests/test_database.py::test_create_and_retrieve_log FAILED              [ 35%]
tests/test_database.py::test_incident_lifecycle FAILED                   [ 41%]
tests/test_database.py::test_comment_crud FAILED                         [ 47%]
tests/test_database.py::test_batch_metric_creation FAILED                [ 52%]
tests/test_health.py::test_health_returns_200 PASSED                     [ 58%]
tests/test_health.py::test_health_response_envelope PASSED               [ 64%]
tests/test_health.py::test_health_components_present PASSED              [ 70%]
tests/test_health.py::test_request_id_header PASSED                      [ 76%]
tests/test_health.py::test_custom_request_id_passthrough PASSED          [ 82%]
tests/test_health.py::test_response_time_header PASSED                   [ 88%]
tests/test_health.py::test_404_returns_error_envelope PASSED             [ 94%]
tests/test_health.py::test_uptime_is_positive PASSED                     [100%]

================================== FAILURES ===================================
_______________________ test_create_and_retrieve_metric _______________________
venv\Lib\site-packages\sqlalchemy\engine\base.py:1967: in _exec_single_context
    self.dialect.do_execute(
venv\Lib\site-packages\sqlalchemy\engine\default.py:952: in do_execute
    cursor.execute(statement, parameters)
venv\Lib\site-packages\sqlalchemy\dialects\sqlite\aiosqlite.py:182: in execute
    self._adapt_connection._handle_exception(error)
venv\Lib\site-packages\sqlalchemy\dialects\sqlite\aiosqlite.py:342: in _handle_exception
    raise error
venv\Lib\site-packages\sqlalchemy\dialects\sqlite\aiosqlite.py:164: in execute
    self.await_(_cursor.execute(operation, parameters))
venv\Lib\site-packages\sqlalchemy\util\_concurrency_py3k.py:132: in await_only
    return current.parent.switch(awaitable)  # type: ignore[no-any-return,attr-defined] # noqa: E501
           ^^^^^^^^^^^^^^^^^^^^^^^^^^^^^^^^
venv\Lib\site-packages\sqlalchemy\util\_concurrency_py3k.py:196: in greenlet_spawn
    value = await result
            ^^^^^^^^^^^^
venv\Lib\site-packages\aiosqlite\cursor.py:40: in execute
    await self._execute(self._cursor.execute, sql, parameters)
venv\Lib\site-packages\aiosqlite\cursor.py:32: in _execute
    return await self._conn._execute(fn, *args, **kwargs)
           ^^^^^^^^^^^^^^^^^^^^^^^^^^^^^^^^^^^^^^^^^^^^^^
venv\Lib\site-packages\aiosqlite\core.py:160: in _execute
    return await future
           ^^^^^^^^^^^^
venv\Lib\site-packages\aiosqlite\core.py:63: in _connection_worker_thread
    result = function()
             ^^^^^^^^^^
E   sqlite3.OperationalError: no such table: metrics

The above exception was the direct cause of the following exception:
tests\test_database.py:89: in test_create_and_retrieve_metric
    metric = await repository.create_metric(
app\repository.py:32: in create_metric
    await db.flush()
venv\Lib\site-packages\sqlalchemy\ext\asyncio\session.py:787: in flush
    await greenlet_spawn(self.sync_session.flush, objects=objects)
venv\Lib\site-packages\sqlalchemy\util\_concurrency_py3k.py:203: in greenlet_spawn
    result = context.switch(value)
             ^^^^^^^^^^^^^^^^^^^^^
venv\Lib\site-packages\sqlalchemy\orm\session.py:4331: in flush
    self._flush(objects)
venv\Lib\site-packages\sqlalchemy\orm\session.py:4466: in _flush
    with util.safe_reraise():
         ^^^^^^^^^^^^^^^^^^^
venv\Lib\site-packages\sqlalchemy\util\langhelpers.py:121: in __exit__
    raise exc_value.with_traceback(exc_tb)
venv\Lib\site-packages\sqlalchemy\orm\session.py:4427: in _flush
    flush_context.execute()
venv\Lib\site-packages\sqlalchemy\orm\unitofwork.py:466: in execute
    rec.execute(self)
venv\Lib\site-packages\sqlalchemy\orm\unitofwork.py:642: in execute
    util.preloaded.orm_persistence.save_obj(
venv\Lib\site-packages\sqlalchemy\orm\persistence.py:93: in save_obj
    _emit_insert_statements(
venv\Lib\site-packages\sqlalchemy\orm\persistence.py:1233: in _emit_insert_statements
    result = connection.execute(
venv\Lib\site-packages\sqlalchemy\engine\base.py:1419: in execute
    return meth(
venv\Lib\site-packages\sqlalchemy\sql\elements.py:527: in _execute_on_connection
    return connection._execute_clauseelement(
venv\Lib\site-packages\sqlalchemy\engine\base.py:1641: in _execute_clauseelement
    ret = self._execute_context(
venv\Lib\site-packages\sqlalchemy\engine\base.py:1846: in _execute_context
    return self._exec_single_context(
venv\Lib\site-packages\sqlalchemy\engine\base.py:1986: in _exec_single_context
    self._handle_dbapi_exception(
venv\Lib\site-packages\sqlalchemy\engine\base.py:2363: in _handle_dbapi_exception
    raise sqlalchemy_exception.with_traceback(exc_info[2]) from e
venv\Lib\site-packages\sqlalchemy\engine\base.py:1967: in _exec_single_context
    self.dialect.do_execute(
venv\Lib\site-packages\sqlalchemy\engine\default.py:952: in do_execute
    cursor.execute(statement, parameters)
venv\Lib\site-packages\sqlalchemy\dialects\sqlite\aiosqlite.py:182: in execute
    self._adapt_connection._handle_exception(error)
venv\Lib\site-packages\sqlalchemy\dialects\sqlite\aiosqlite.py:342: in _handle_exception
    raise error
venv\Lib\site-packages\sqlalchemy\dialects\sqlite\aiosqlite.py:164: in execute
    self.await_(_cursor.execute(operation, parameters))
venv\Lib\site-packages\sqlalchemy\util\_concurrency_py3k.py:132: in await_only
    return current.parent.switch(awaitable)  # type: ignore[no-any-return,attr-defined] # noqa: E501
           ^^^^^^^^^^^^^^^^^^^^^^^^^^^^^^^^
venv\Lib\site-packages\sqlalchemy\util\_concurrency_py3k.py:196: in greenlet_spawn
    value = await result
            ^^^^^^^^^^^^
venv\Lib\site-packages\aiosqlite\cursor.py:40: in execute
    await self._execute(self._cursor.execute, sql, parameters)
venv\Lib\site-packages\aiosqlite\cursor.py:32: in _execute
    return await self._conn._execute(fn, *args, **kwargs)
           ^^^^^^^^^^^^^^^^^^^^^^^^^^^^^^^^^^^^^^^^^^^^^^
venv\Lib\site-packages\aiosqlite\core.py:160: in _execute
    return await future
           ^^^^^^^^^^^^
venv\Lib\site-packages\aiosqlite\core.py:63: in _connection_worker_thread
    result = function()
             ^^^^^^^^^^
E   sqlalchemy.exc.OperationalError: (sqlite3.OperationalError) no such table: metrics
E   [SQL: INSERT INTO metrics (service_name, metric_type, value, timestamp, is_anomaly, rolling_mean, rolling_std) VALUES (?, ?, ?, ?, ?, ?, ?)]
E   [parameters: ('auth-service', 'cpu_usage', 55.5, '2026-03-24 18:07:20.558174', 0, None, None)]
E   (Background on this error at: https://sqlalche.me/e/20/e3q8)
________________________ test_create_and_retrieve_log _________________________
venv\Lib\site-packages\sqlalchemy\engine\base.py:1967: in _exec_single_context
    self.dialect.do_execute(
venv\Lib\site-packages\sqlalchemy\engine\default.py:952: in do_execute
    cursor.execute(statement, parameters)
venv\Lib\site-packages\sqlalchemy\dialects\sqlite\aiosqlite.py:182: in execute
    self._adapt_connection._handle_exception(error)
venv\Lib\site-packages\sqlalchemy\dialects\sqlite\aiosqlite.py:342: in _handle_exception
    raise error
venv\Lib\site-packages\sqlalchemy\dialects\sqlite\aiosqlite.py:164: in execute
    self.await_(_cursor.execute(operation, parameters))
venv\Lib\site-packages\sqlalchemy\util\_concurrency_py3k.py:132: in await_only
    return current.parent.switch(awaitable)  # type: ignore[no-any-return,attr-defined] # noqa: E501
           ^^^^^^^^^^^^^^^^^^^^^^^^^^^^^^^^
venv\Lib\site-packages\sqlalchemy\util\_concurrency_py3k.py:196: in greenlet_spawn
    value = await result
            ^^^^^^^^^^^^
venv\Lib\site-packages\aiosqlite\cursor.py:40: in execute
    await self._execute(self._cursor.execute, sql, parameters)
venv\Lib\site-packages\aiosqlite\cursor.py:32: in _execute
    return await self._conn._execute(fn, *args, **kwargs)
           ^^^^^^^^^^^^^^^^^^^^^^^^^^^^^^^^^^^^^^^^^^^^^^
venv\Lib\site-packages\aiosqlite\core.py:160: in _execute
    return await future
           ^^^^^^^^^^^^
venv\Lib\site-packages\aiosqlite\core.py:63: in _connection_worker_thread
    result = function()
             ^^^^^^^^^^
E   sqlite3.OperationalError: no such table: logs

The above exception was the direct cause of the following exception:
tests\test_database.py:116: in test_create_and_retrieve_log
    log = await repository.create_log(
app\repository.py:79: in create_log
    await db.flush()
venv\Lib\site-packages\sqlalchemy\ext\asyncio\session.py:787: in flush
    await greenlet_spawn(self.sync_session.flush, objects=objects)
venv\Lib\site-packages\sqlalchemy\util\_concurrency_py3k.py:203: in greenlet_spawn
    result = context.switch(value)
             ^^^^^^^^^^^^^^^^^^^^^
venv\Lib\site-packages\sqlalchemy\orm\session.py:4331: in flush
    self._flush(objects)
venv\Lib\site-packages\sqlalchemy\orm\session.py:4466: in _flush
    with util.safe_reraise():
         ^^^^^^^^^^^^^^^^^^^
venv\Lib\site-packages\sqlalchemy\util\langhelpers.py:121: in __exit__
    raise exc_value.with_traceback(exc_tb)
venv\Lib\site-packages\sqlalchemy\orm\session.py:4427: in _flush
    flush_context.execute()
venv\Lib\site-packages\sqlalchemy\orm\unitofwork.py:466: in execute
    rec.execute(self)
venv\Lib\site-packages\sqlalchemy\orm\unitofwork.py:642: in execute
    util.preloaded.orm_persistence.save_obj(
venv\Lib\site-packages\sqlalchemy\orm\persistence.py:93: in save_obj
    _emit_insert_statements(
venv\Lib\site-packages\sqlalchemy\orm\persistence.py:1233: in _emit_insert_statements
    result = connection.execute(
venv\Lib\site-packages\sqlalchemy\engine\base.py:1419: in execute
    return meth(
venv\Lib\site-packages\sqlalchemy\sql\elements.py:527: in _execute_on_connection
    return connection._execute_clauseelement(
venv\Lib\site-packages\sqlalchemy\engine\base.py:1641: in _execute_clauseelement
    ret = self._execute_context(
venv\Lib\site-packages\sqlalchemy\engine\base.py:1846: in _execute_context
    return self._exec_single_context(
venv\Lib\site-packages\sqlalchemy\engine\base.py:1986: in _exec_single_context
    self._handle_dbapi_exception(
venv\Lib\site-packages\sqlalchemy\engine\base.py:2363: in _handle_dbapi_exception
    raise sqlalchemy_exception.with_traceback(exc_info[2]) from e
venv\Lib\site-packages\sqlalchemy\engine\base.py:1967: in _exec_single_context
    self.dialect.do_execute(
venv\Lib\site-packages\sqlalchemy\engine\default.py:952: in do_execute
    cursor.execute(statement, parameters)
venv\Lib\site-packages\sqlalchemy\dialects\sqlite\aiosqlite.py:182: in execute
    self._adapt_connection._handle_exception(error)
venv\Lib\site-packages\sqlalchemy\dialects\sqlite\aiosqlite.py:342: in _handle_exception
    raise error
venv\Lib\site-packages\sqlalchemy\dialects\sqlite\aiosqlite.py:164: in execute
    self.await_(_cursor.execute(operation, parameters))
venv\Lib\site-packages\sqlalchemy\util\_concurrency_py3k.py:132: in await_only
    return current.parent.switch(awaitable)  # type: ignore[no-any-return,attr-defined] # noqa: E501
           ^^^^^^^^^^^^^^^^^^^^^^^^^^^^^^^^
venv\Lib\site-packages\sqlalchemy\util\_concurrency_py3k.py:196: in greenlet_spawn
    value = await result
            ^^^^^^^^^^^^
venv\Lib\site-packages\aiosqlite\cursor.py:40: in execute
    await self._execute(self._cursor.execute, sql, parameters)
venv\Lib\site-packages\aiosqlite\cursor.py:32: in _execute
    return await self._conn._execute(fn, *args, **kwargs)
           ^^^^^^^^^^^^^^^^^^^^^^^^^^^^^^^^^^^^^^^^^^^^^^
venv\Lib\site-packages\aiosqlite\core.py:160: in _execute
    return await future
           ^^^^^^^^^^^^
venv\Lib\site-packages\aiosqlite\core.py:63: in _connection_worker_thread
    result = function()
             ^^^^^^^^^^
E   sqlalchemy.exc.OperationalError: (sqlite3.OperationalError) no such table: logs
E   [SQL: INSERT INTO logs (service_name, level, message, timestamp) VALUES (?, ?, ?, ?)]
E   [parameters: ('payment-gateway', 'ERROR', 'Connection timeout to payment processor', '2026-03-24 18:07:21.070489')]
E   (Background on this error at: https://sqlalche.me/e/20/e3q8)
___________________________ test_incident_lifecycle ___________________________
venv\Lib\site-packages\sqlalchemy\engine\base.py:1967: in _exec_single_context
    self.dialect.do_execute(
venv\Lib\site-packages\sqlalchemy\engine\default.py:952: in do_execute
    cursor.execute(statement, parameters)
venv\Lib\site-packages\sqlalchemy\dialects\sqlite\aiosqlite.py:182: in execute
    self._adapt_connection._handle_exception(error)
venv\Lib\site-packages\sqlalchemy\dialects\sqlite\aiosqlite.py:342: in _handle_exception
    raise error
venv\Lib\site-packages\sqlalchemy\dialects\sqlite\aiosqlite.py:164: in execute
    self.await_(_cursor.execute(operation, parameters))
venv\Lib\site-packages\sqlalchemy\util\_concurrency_py3k.py:132: in await_only
    return current.parent.switch(awaitable)  # type: ignore[no-any-return,attr-defined] # noqa: E501
           ^^^^^^^^^^^^^^^^^^^^^^^^^^^^^^^^
venv\Lib\site-packages\sqlalchemy\util\_concurrency_py3k.py:196: in greenlet_spawn
    value = await result
            ^^^^^^^^^^^^
venv\Lib\site-packages\aiosqlite\cursor.py:40: in execute
    await self._execute(self._cursor.execute, sql, parameters)
venv\Lib\site-packages\aiosqlite\cursor.py:32: in _execute
    return await self._conn._execute(fn, *args, **kwargs)
           ^^^^^^^^^^^^^^^^^^^^^^^^^^^^^^^^^^^^^^^^^^^^^^
venv\Lib\site-packages\aiosqlite\core.py:160: in _execute
    return await future
           ^^^^^^^^^^^^
venv\Lib\site-packages\aiosqlite\core.py:63: in _connection_worker_thread
    result = function()
             ^^^^^^^^^^
E   sqlite3.OperationalError: no such table: incidents

The above exception was the direct cause of the following exception:
tests\test_database.py:139: in test_incident_lifecycle
    incident = await repository.create_incident(
app\repository.py:107: in create_incident
    await db.flush()
venv\Lib\site-packages\sqlalchemy\ext\asyncio\session.py:787: in flush
    await greenlet_spawn(self.sync_session.flush, objects=objects)
venv\Lib\site-packages\sqlalchemy\util\_concurrency_py3k.py:203: in greenlet_spawn
    result = context.switch(value)
             ^^^^^^^^^^^^^^^^^^^^^
venv\Lib\site-packages\sqlalchemy\orm\session.py:4331: in flush
    self._flush(objects)
venv\Lib\site-packages\sqlalchemy\orm\session.py:4466: in _flush
    with util.safe_reraise():
         ^^^^^^^^^^^^^^^^^^^
venv\Lib\site-packages\sqlalchemy\util\langhelpers.py:121: in __exit__
    raise exc_value.with_traceback(exc_tb)
venv\Lib\site-packages\sqlalchemy\orm\session.py:4427: in _flush
    flush_context.execute()
venv\Lib\site-packages\sqlalchemy\orm\unitofwork.py:466: in execute
    rec.execute(self)
venv\Lib\site-packages\sqlalchemy\orm\unitofwork.py:642: in execute
    util.preloaded.orm_persistence.save_obj(
venv\Lib\site-packages\sqlalchemy\orm\persistence.py:93: in save_obj
    _emit_insert_statements(
venv\Lib\site-packages\sqlalchemy\orm\persistence.py:1233: in _emit_insert_statements
    result = connection.execute(
venv\Lib\site-packages\sqlalchemy\engine\base.py:1419: in execute
    return meth(
venv\Lib\site-packages\sqlalchemy\sql\elements.py:527: in _execute_on_connection
    return connection._execute_clauseelement(
venv\Lib\site-packages\sqlalchemy\engine\base.py:1641: in _execute_clauseelement
    ret = self._execute_context(
venv\Lib\site-packages\sqlalchemy\engine\base.py:1846: in _execute_context
    return self._exec_single_context(
venv\Lib\site-packages\sqlalchemy\engine\base.py:1986: in _exec_single_context
    self._handle_dbapi_exception(
venv\Lib\site-packages\sqlalchemy\engine\base.py:2363: in _handle_dbapi_exception
    raise sqlalchemy_exception.with_traceback(exc_info[2]) from e
venv\Lib\site-packages\sqlalchemy\engine\base.py:1967: in _exec_single_context
    self.dialect.do_execute(
venv\Lib\site-packages\sqlalchemy\engine\default.py:952: in do_execute
    cursor.execute(statement, parameters)
venv\Lib\site-packages\sqlalchemy\dialects\sqlite\aiosqlite.py:182: in execute
    self._adapt_connection._handle_exception(error)
venv\Lib\site-packages\sqlalchemy\dialects\sqlite\aiosqlite.py:342: in _handle_exception
    raise error
venv\Lib\site-packages\sqlalchemy\dialects\sqlite\aiosqlite.py:164: in execute
    self.await_(_cursor.execute(operation, parameters))
venv\Lib\site-packages\sqlalchemy\util\_concurrency_py3k.py:132: in await_only
    return current.parent.switch(awaitable)  # type: ignore[no-any-return,attr-defined] # noqa: E501
           ^^^^^^^^^^^^^^^^^^^^^^^^^^^^^^^^
venv\Lib\site-packages\sqlalchemy\util\_concurrency_py3k.py:196: in greenlet_spawn
    value = await result
            ^^^^^^^^^^^^
venv\Lib\site-packages\aiosqlite\cursor.py:40: in execute
    await self._execute(self._cursor.execute, sql, parameters)
venv\Lib\site-packages\aiosqlite\cursor.py:32: in _execute
    return await self._conn._execute(fn, *args, **kwargs)
           ^^^^^^^^^^^^^^^^^^^^^^^^^^^^^^^^^^^^^^^^^^^^^^
venv\Lib\site-packages\aiosqlite\core.py:160: in _execute
    return await future
           ^^^^^^^^^^^^
venv\Lib\site-packages\aiosqlite\core.py:63: in _connection_worker_thread
    result = function()
             ^^^^^^^^^^
E   sqlalchemy.exc.OperationalError: (sqlite3.OperationalError) no such table: incidents
E   [SQL: INSERT INTO incidents (title, description, severity, status, category, reporter_uid, reporter_name, rca_summary, probable_cause) VALUES (?, ?, ?, ?, ?, ?, ?, ?, ?) RETURNING id, created_at, updated_at]
E   [parameters: ('High CPU on auth-service', 'CPU usage exceeded 95% for 5 minutes', 'CRITICAL', 'OPEN', 'Other', 'user-42', 'Jane Doe', None, None)]
E   (Background on this error at: https://sqlalche.me/e/20/e3q8)
______________________________ test_comment_crud ______________________________
venv\Lib\site-packages\sqlalchemy\engine\base.py:1967: in _exec_single_context
    self.dialect.do_execute(
venv\Lib\site-packages\sqlalchemy\engine\default.py:952: in do_execute
    cursor.execute(statement, parameters)
venv\Lib\site-packages\sqlalchemy\dialects\sqlite\aiosqlite.py:182: in execute
    self._adapt_connection._handle_exception(error)
venv\Lib\site-packages\sqlalchemy\dialects\sqlite\aiosqlite.py:342: in _handle_exception
    raise error
venv\Lib\site-packages\sqlalchemy\dialects\sqlite\aiosqlite.py:164: in execute
    self.await_(_cursor.execute(operation, parameters))
venv\Lib\site-packages\sqlalchemy\util\_concurrency_py3k.py:132: in await_only
    return current.parent.switch(awaitable)  # type: ignore[no-any-return,attr-defined] # noqa: E501
           ^^^^^^^^^^^^^^^^^^^^^^^^^^^^^^^^
venv\Lib\site-packages\sqlalchemy\util\_concurrency_py3k.py:196: in greenlet_spawn
    value = await result
            ^^^^^^^^^^^^
venv\Lib\site-packages\aiosqlite\cursor.py:40: in execute
    await self._execute(self._cursor.execute, sql, parameters)
venv\Lib\site-packages\aiosqlite\cursor.py:32: in _execute
    return await self._conn._execute(fn, *args, **kwargs)
           ^^^^^^^^^^^^^^^^^^^^^^^^^^^^^^^^^^^^^^^^^^^^^^
venv\Lib\site-packages\aiosqlite\core.py:160: in _execute
    return await future
           ^^^^^^^^^^^^
venv\Lib\site-packages\aiosqlite\core.py:63: in _connection_worker_thread
    result = function()
             ^^^^^^^^^^
E   sqlite3.OperationalError: no such table: incidents

The above exception was the direct cause of the following exception:
tests\test_database.py:175: in test_comment_crud
    incident = await repository.create_incident(
app\repository.py:107: in create_incident
    await db.flush()
venv\Lib\site-packages\sqlalchemy\ext\asyncio\session.py:787: in flush
    await greenlet_spawn(self.sync_session.flush, objects=objects)
venv\Lib\site-packages\sqlalchemy\util\_concurrency_py3k.py:203: in greenlet_spawn
    result = context.switch(value)
             ^^^^^^^^^^^^^^^^^^^^^
venv\Lib\site-packages\sqlalchemy\orm\session.py:4331: in flush
    self._flush(objects)
venv\Lib\site-packages\sqlalchemy\orm\session.py:4466: in _flush
    with util.safe_reraise():
         ^^^^^^^^^^^^^^^^^^^
venv\Lib\site-packages\sqlalchemy\util\langhelpers.py:121: in __exit__
    raise exc_value.with_traceback(exc_tb)
venv\Lib\site-packages\sqlalchemy\orm\session.py:4427: in _flush
    flush_context.execute()
venv\Lib\site-packages\sqlalchemy\orm\unitofwork.py:466: in execute
    rec.execute(self)
venv\Lib\site-packages\sqlalchemy\orm\unitofwork.py:642: in execute
    util.preloaded.orm_persistence.save_obj(
venv\Lib\site-packages\sqlalchemy\orm\persistence.py:93: in save_obj
    _emit_insert_statements(
venv\Lib\site-packages\sqlalchemy\orm\persistence.py:1233: in _emit_insert_statements
    result = connection.execute(
venv\Lib\site-packages\sqlalchemy\engine\base.py:1419: in execute
    return meth(
venv\Lib\site-packages\sqlalchemy\sql\elements.py:527: in _execute_on_connection
    return connection._execute_clauseelement(
venv\Lib\site-packages\sqlalchemy\engine\base.py:1641: in _execute_clauseelement
    ret = self._execute_context(
venv\Lib\site-packages\sqlalchemy\engine\base.py:1846: in _execute_context
    return self._exec_single_context(
venv\Lib\site-packages\sqlalchemy\engine\base.py:1986: in _exec_single_context
    self._handle_dbapi_exception(
venv\Lib\site-packages\sqlalchemy\engine\base.py:2363: in _handle_dbapi_exception
    raise sqlalchemy_exception.with_traceback(exc_info[2]) from e
venv\Lib\site-packages\sqlalchemy\engine\base.py:1967: in _exec_single_context
    self.dialect.do_execute(
venv\Lib\site-packages\sqlalchemy\engine\default.py:952: in do_execute
    cursor.execute(statement, parameters)
venv\Lib\site-packages\sqlalchemy\dialects\sqlite\aiosqlite.py:182: in execute
    self._adapt_connection._handle_exception(error)
venv\Lib\site-packages\sqlalchemy\dialects\sqlite\aiosqlite.py:342: in _handle_exception
    raise error
venv\Lib\site-packages\sqlalchemy\dialects\sqlite\aiosqlite.py:164: in execute
    self.await_(_cursor.execute(operation, parameters))
venv\Lib\site-packages\sqlalchemy\util\_concurrency_py3k.py:132: in await_only
    return current.parent.switch(awaitable)  # type: ignore[no-any-return,attr-defined] # noqa: E501
           ^^^^^^^^^^^^^^^^^^^^^^^^^^^^^^^^
venv\Lib\site-packages\sqlalchemy\util\_concurrency_py3k.py:196: in greenlet_spawn
    value = await result
            ^^^^^^^^^^^^
venv\Lib\site-packages\aiosqlite\cursor.py:40: in execute
    await self._execute(self._cursor.execute, sql, parameters)
venv\Lib\site-packages\aiosqlite\cursor.py:32: in _execute
    return await self._conn._execute(fn, *args, **kwargs)
           ^^^^^^^^^^^^^^^^^^^^^^^^^^^^^^^^^^^^^^^^^^^^^^
venv\Lib\site-packages\aiosqlite\core.py:160: in _execute
    return await future
           ^^^^^^^^^^^^
venv\Lib\site-packages\aiosqlite\core.py:63: in _connection_worker_thread
    result = function()
             ^^^^^^^^^^
E   sqlalchemy.exc.OperationalError: (sqlite3.OperationalError) no such table: incidents
E   [SQL: INSERT INTO incidents (title, description, severity, status, category, reporter_uid, reporter_name, rca_summary, probable_cause) VALUES (?, ?, ?, ?, ?, ?, ?, ?, ?) RETURNING id, created_at, updated_at]
E   [parameters: ('Test incident for comments', 'Testing comment system', 'LOW', 'OPEN', 'Other', 'user-1', 'Test User', None, None)]
E   (Background on this error at: https://sqlalche.me/e/20/e3q8)
_________________________ test_batch_metric_creation __________________________
venv\Lib\site-packages\sqlalchemy\engine\base.py:2125: in _exec_insertmany_context
    dialect.do_execute(
venv\Lib\site-packages\sqlalchemy\engine\default.py:952: in do_execute
    cursor.execute(statement, parameters)
venv\Lib\site-packages\sqlalchemy\dialects\sqlite\aiosqlite.py:182: in execute
    self._adapt_connection._handle_exception(error)
venv\Lib\site-packages\sqlalchemy\dialects\sqlite\aiosqlite.py:342: in _handle_exception
    raise error
venv\Lib\site-packages\sqlalchemy\dialects\sqlite\aiosqlite.py:164: in execute
    self.await_(_cursor.execute(operation, parameters))
venv\Lib\site-packages\sqlalchemy\util\_concurrency_py3k.py:132: in await_only
    return current.parent.switch(awaitable)  # type: ignore[no-any-return,attr-defined] # noqa: E501
           ^^^^^^^^^^^^^^^^^^^^^^^^^^^^^^^^
venv\Lib\site-packages\sqlalchemy\util\_concurrency_py3k.py:196: in greenlet_spawn
    value = await result
            ^^^^^^^^^^^^
venv\Lib\site-packages\aiosqlite\cursor.py:40: in execute
    await self._execute(self._cursor.execute, sql, parameters)
venv\Lib\site-packages\aiosqlite\cursor.py:32: in _execute
    return await self._conn._execute(fn, *args, **kwargs)
           ^^^^^^^^^^^^^^^^^^^^^^^^^^^^^^^^^^^^^^^^^^^^^^
venv\Lib\site-packages\aiosqlite\core.py:160: in _execute
    return await future
           ^^^^^^^^^^^^
venv\Lib\site-packages\aiosqlite\core.py:63: in _connection_worker_thread
    result = function()
             ^^^^^^^^^^
E   sqlite3.OperationalError: no such table: metrics

The above exception was the direct cause of the following exception:
tests\test_database.py:219: in test_batch_metric_creation
    records = await repository.create_metrics_batch(db, metrics_data)
              ^^^^^^^^^^^^^^^^^^^^^^^^^^^^^^^^^^^^^^^^^^^^^^^^^^^^^^^
app\repository.py:48: in create_metrics_batch
    await db.flush()
venv\Lib\site-packages\sqlalchemy\ext\asyncio\session.py:787: in flush
    await greenlet_spawn(self.sync_session.flush, objects=objects)
venv\Lib\site-packages\sqlalchemy\util\_concurrency_py3k.py:203: in greenlet_spawn
    result = context.switch(value)
             ^^^^^^^^^^^^^^^^^^^^^
venv\Lib\site-packages\sqlalchemy\orm\session.py:4331: in flush
    self._flush(objects)
venv\Lib\site-packages\sqlalchemy\orm\session.py:4466: in _flush
    with util.safe_reraise():
         ^^^^^^^^^^^^^^^^^^^
venv\Lib\site-packages\sqlalchemy\util\langhelpers.py:121: in __exit__
    raise exc_value.with_traceback(exc_tb)
venv\Lib\site-packages\sqlalchemy\orm\session.py:4427: in _flush
    flush_context.execute()
venv\Lib\site-packages\sqlalchemy\orm\unitofwork.py:466: in execute
    rec.execute(self)
venv\Lib\site-packages\sqlalchemy\orm\unitofwork.py:642: in execute
    util.preloaded.orm_persistence.save_obj(
venv\Lib\site-packages\sqlalchemy\orm\persistence.py:93: in save_obj
    _emit_insert_statements(
venv\Lib\site-packages\sqlalchemy\orm\persistence.py:1143: in _emit_insert_statements
    result = connection.execute(
venv\Lib\site-packages\sqlalchemy\engine\base.py:1419: in execute
    return meth(
venv\Lib\site-packages\sqlalchemy\sql\elements.py:527: in _execute_on_connection
    return connection._execute_clauseelement(
venv\Lib\site-packages\sqlalchemy\engine\base.py:1641: in _execute_clauseelement
    ret = self._execute_context(
venv\Lib\site-packages\sqlalchemy\engine\base.py:1844: in _execute_context
    return self._exec_insertmany_context(dialect, context)
           ^^^^^^^^^^^^^^^^^^^^^^^^^^^^^^^^^^^^^^^^^^^^^^^
venv\Lib\site-packages\sqlalchemy\engine\base.py:2133: in _exec_insertmany_context
    self._handle_dbapi_exception(
venv\Lib\site-packages\sqlalchemy\engine\base.py:2363: in _handle_dbapi_exception
    raise sqlalchemy_exception.with_traceback(exc_info[2]) from e
venv\Lib\site-packages\sqlalchemy\engine\base.py:2125: in _exec_insertmany_context
    dialect.do_execute(
venv\Lib\site-packages\sqlalchemy\engine\default.py:952: in do_execute
    cursor.execute(statement, parameters)
venv\Lib\site-packages\sqlalchemy\dialects\sqlite\aiosqlite.py:182: in execute
    self._adapt_connection._handle_exception(error)
venv\Lib\site-packages\sqlalchemy\dialects\sqlite\aiosqlite.py:342: in _handle_exception
    raise error
venv\Lib\site-packages\sqlalchemy\dialects\sqlite\aiosqlite.py:164: in execute
    self.await_(_cursor.execute(operation, parameters))
venv\Lib\site-packages\sqlalchemy\util\_concurrency_py3k.py:132: in await_only
    return current.parent.switch(awaitable)  # type: ignore[no-any-return,attr-defined] # noqa: E501
           ^^^^^^^^^^^^^^^^^^^^^^^^^^^^^^^^
venv\Lib\site-packages\sqlalchemy\util\_concurrency_py3k.py:196: in greenlet_spawn
    value = await result
            ^^^^^^^^^^^^
venv\Lib\site-packages\aiosqlite\cursor.py:40: in execute
    await self._execute(self._cursor.execute, sql, parameters)
venv\Lib\site-packages\aiosqlite\cursor.py:32: in _execute
    return await self._conn._execute(fn, *args, **kwargs)
           ^^^^^^^^^^^^^^^^^^^^^^^^^^^^^^^^^^^^^^^^^^^^^^
venv\Lib\site-packages\aiosqlite\core.py:160: in _execute
    return await future
           ^^^^^^^^^^^^
venv\Lib\site-packages\aiosqlite\core.py:63: in _connection_worker_thread
    result = function()
             ^^^^^^^^^^
E   sqlalchemy.exc.OperationalError: (sqlite3.OperationalError) no such table: metrics
E   [SQL: INSERT INTO metrics (service_name, metric_type, value, timestamp, is_anomaly, rolling_mean, rolling_std) VALUES (?, ?, ?, ?, ?, ?, ?) RETURNING id]
E   [parameters: ('order-processor', 'memory_usage', 65.0, '2026-03-24 18:07:22.205750', 0, None, None)]
E   (Background on this error at: https://sqlalche.me/e/20/e3q8)
=========================== short test summary info ===========================
FAILED tests/test_database.py::test_create_and_retrieve_metric - sqlalchemy.e...
FAILED tests/test_database.py::test_create_and_retrieve_log - sqlalchemy.exc....
FAILED tests/test_database.py::test_incident_lifecycle - sqlalchemy.exc.Opera...
FAILED tests/test_database.py::test_comment_crud - sqlalchemy.exc.Operational...
FAILED tests/test_database.py::test_batch_metric_creation - sqlalchemy.exc.Op...
======================== 5 failed, 12 passed in 4.58s =========================
